2018-08-29T06:49:53.057Z - normal: Load ~/.CocosCreator/settings.json
2018-08-29T06:49:53.061Z - normal: checking language setting...
2018-08-29T06:49:53.061Z - normal: Language: zh
2018-08-29T06:49:54.434Z - success: protocol editor-framework registered
2018-08-29T06:49:54.435Z - success: protocol app registered
2018-08-29T06:49:54.435Z - success: protocol theme registered
2018-08-29T06:49:54.435Z - success: protocol packages registered
2018-08-29T06:49:54.435Z - success: protocol unpack registerred
2018-08-29T06:49:54.435Z - success: protocol disable-commonjs registerred
2018-08-29T06:49:54.705Z - normal: connected!
2018-08-29T06:49:54.706Z - normal: Check project /private/var/root/Git-Repositpory/CocosTank
2018-08-29T06:49:54.707Z - normal: Initializing Cocos2d
2018-08-29T06:49:55.410Z - normal: Initializing Asset Database
2018-08-29T06:49:55.447Z - success: protocol uuid registerred
2018-08-29T06:49:55.447Z - success: protocol db registerred
2018-08-29T06:49:55.447Z - success: protocol thumbnail registerred
2018-08-29T06:49:55.448Z - normal: Loading editor/builtin packages
2018-08-29T06:49:55.473Z - success: anysdk loaded
2018-08-29T06:49:55.620Z - success: assets loaded
2018-08-29T06:49:55.623Z - success: builder loaded
2018-08-29T06:49:55.626Z - success: cocos-analytics loaded
2018-08-29T06:49:55.631Z - success: console loaded
2018-08-29T06:49:55.636Z - success: hierarchy loaded
2018-08-29T06:49:55.641Z - success: inspector loaded
2018-08-29T06:49:55.642Z - success: keystore loaded
2018-08-29T06:49:55.647Z - success: node-library loaded
2018-08-29T06:49:55.649Z - success: package-asset loaded
2018-08-29T06:49:55.651Z - success: preferences loaded
2018-08-29T06:49:55.654Z - success: project-exporter loaded
2018-08-29T06:49:55.679Z - success: project-importer loaded
2018-08-29T06:49:55.683Z - success: project-settings loaded
2018-08-29T06:49:55.688Z - success: ui-kit loaded
2018-08-29T06:49:55.693Z - success: ui-grid loaded
2018-08-29T06:49:55.705Z - success: scene loaded
2018-08-29T06:49:55.706Z - success: sprite-editor loaded
2018-08-29T06:49:55.711Z - success: store loaded
2018-08-29T06:49:55.717Z - success: timeline loaded
2018-08-29T06:49:55.717Z - normal: Loading builtin packages
2018-08-29T06:49:55.722Z - success: asset-db-debugger loaded
2018-08-29T06:49:55.722Z - success: color-picker loaded
2018-08-29T06:49:55.726Z - success: package-manager loaded
2018-08-29T06:49:55.732Z - success: sdkbox loaded
2018-08-29T06:49:55.736Z - success: tester loaded
2018-08-29T06:49:55.747Z - success: ui-kit-preview-extra loaded
2018-08-29T06:49:55.751Z - success: ui-kit-preview loaded
2018-08-29T06:49:55.755Z - success: ui-tree loaded
2018-08-29T06:49:57.014Z - normal: Initializing project /private/var/root/Git-Repositpory/CocosTank
2018-08-29T06:49:57.016Z - normal: Loading packages
2018-08-29T06:49:57.022Z - normal: Watching packages
2018-08-29T06:49:57.037Z - normal: Run Application
2018-08-29T06:50:00.456Z - success: preview server running at http://localhost:7456
2018-08-29T06:50:07.586Z - normal: 1.8.1
